<?xml version="1.0" encoding="utf-8"?><testsuites name="pytest tests"><testsuite name="pytest" errors="0" failures="0" skipped="0" tests="80" time="3.461" timestamp="2026-04-10T23:12:11.868055+05:00" hostname="DESKTOP-KLVGUVP"><testcase classname="tests.test_api.TestSearchAPI" name="test_search_returns_200" time="0.013" /><testcase classname="tests.test_api.TestSearchAPI" name="test_search_returns_json_array" time="0.004" /><testcase classname="tests.test_api.TestSearchAPI" name="test_search_empty_query" time="0.003" /><testcase classname="tests.test_api.TestSearchAPI" name="test_search_passes_blank_category_as_none" time="0.001" /><testcase classname="tests.test_api.TestSearchAPI" name="test_search_returns_500_when_backend_search_fails" time="0.003" /><testcase classname="tests.test_api.TestRateAPI" name="test_rate_without_auth_returns_401" time="0.001" /><testcase classname="tests.test_api.TestRateAPI" name="test_rate_requires_book_id" time="0.001" /><testcase classname="tests.test_api.TestRateAPI" name="test_rate_rejects_invalid_rating_value" time="0.002" /><testcase classname="tests.test_api.TestRateAPI" name="test_rate_updates_existing_rating" time="0.002" /><testcase classname="tests.test_api.TestRateAPI" name="test_rate_creates_new_rating_when_missing" time="0.001" /><testcase classname="tests.test_api.TestRateAPI" name="test_rate_rejects_non_numeric_rating" time="0.001" /><testcase classname="tests.test_api.TestLikeAPI" name="test_like_without_auth_returns_401" time="0.001" /><testcase classname="tests.test_api.TestLikeAPI" name="test_like_inserts_only_when_not_already_liked" time="0.001" /><testcase classname="tests.test_api.TestLikeAPI" name="test_unlike_deletes_existing_like" time="0.001" /><testcase classname="tests.test_api.TestLikeAPI" name="test_like_repeated_submission_records_only_once" time="0.001" /><testcase classname="tests.test_api.TestPurchaseAPI" name="test_purchase_without_auth_returns_401" time="0.001" /><testcase classname="tests.test_api.TestPurchaseAPI" name="test_purchase_requires_book_id" time="0.001" /><testcase classname="tests.test_api.TestPurchaseAPI" name="test_purchase_records_purchase" time="0.001" /><testcase classname="tests.test_api.TestCategoriesAPI" name="test_categories_returns_list" time="0.006" /><testcase classname="tests.test_api.TestInteractionAPI" name="test_interact_requires_book_id" time="0.001" /><testcase classname="tests.test_api.TestInteractionAPI" name="test_interact_records_interaction" time="0.001" /><testcase classname="tests.test_api.TestInteractionAPI" name="test_interact_defaults_missing_interaction_to_view" time="0.001" /><testcase classname="tests.test_api.TestInteractionAPI" name="test_user_interactions_serializes_object_ids_and_dates" time="0.001" /><testcase classname="tests.test_api.TestInteractionAPI" name="test_user_interactions_requires_authentication" time="0.001" /><testcase classname="tests.test_api.TestBooksAPI" name="test_books_endpoint_returns_collection_payload" time="0.001" /><testcase classname="tests.test_auth.TestRegistration" name="test_register_page_loads" time="0.010" /><testcase classname="tests.test_auth.TestRegistration" name="test_register_requires_email" time="0.001" /><testcase classname="tests.test_auth.TestRegistration" name="test_register_requires_password" time="0.001" /><testcase classname="tests.test_auth.TestRegistration" name="test_register_valid_email_format" time="0.001" /><testcase classname="tests.test_auth.TestRegistration" name="test_register_rejects_duplicate_username" time="0.001" /><testcase classname="tests.test_auth.TestRegistration" name="test_register_rejects_duplicate_email" time="0.001" /><testcase classname="tests.test_auth.TestRegistration" name="test_register_rejects_short_password" time="0.001" /><testcase classname="tests.test_auth.TestRegistration" name="test_register_success_redirects_to_login" time="0.088" /><testcase classname="tests.test_auth.TestRegistration" name="test_register_rejects_injection_like_email" time="0.001" /><testcase classname="tests.test_auth.TestLogin" name="test_login_page_loads" time="0.002" /><testcase classname="tests.test_auth.TestLogin" name="test_login_with_invalid_credentials" time="0.014" /><testcase classname="tests.test_auth.TestLogin" name="test_login_redirects_when_successful" time="0.014" /><testcase classname="tests.test_auth.TestLogin" name="test_login_sets_session_when_successful" time="0.187" /><testcase classname="tests.test_auth.TestLogout" name="test_logout_redirects" time="0.001" /><testcase classname="tests.test_auth.TestForgotPassword" name="test_forgot_password_page_loads" time="0.002" /><testcase classname="tests.test_auth.TestForgotPassword" name="test_forgot_password_requires_email" time="0.001" /><testcase classname="tests.test_auth.TestForgotPassword" name="test_forgot_password_generates_token_for_known_email" time="0.001" /><testcase classname="tests.test_auth.TestForgotPassword" name="test_forgot_password_hides_unknown_email" time="0.001" /><testcase classname="tests.test_auth.TestResetPassword" name="test_reset_password_invalid_token_redirects" time="0.001" /><testcase classname="tests.test_auth.TestResetPassword" name="test_reset_password_requires_matching_passwords" time="0.003" /><testcase classname="tests.test_auth.TestResetPassword" name="test_reset_password_updates_password_and_redirects" time="0.088" /><testcase classname="tests.test_auth.TestResetPassword" name="test_reset_password_rejects_empty_password" time="0.001" /><testcase classname="tests.test_models.TestModels" name="test_create_user_requires_email" time="0.001" /><testcase classname="tests.test_models.TestModels" name="test_create_user_normalizes_email_and_defaults" time="0.001" /><testcase classname="tests.test_models.TestModels" name="test_update_user_profile_only_sets_passed_fields" time="0.001" /><testcase classname="tests.test_models.TestModels" name="test_insert_interaction_converts_types" time="0.001" /><testcase classname="tests.test_models.TestModels" name="test_search_books_combines_text_and_category" time="0.001" /><testcase classname="tests.test_models.TestModels" name="test_get_all_categories_filters_empty_values" time="0.001" /><testcase classname="tests.test_models.TestModels" name="test_get_user_by_reset_token_checks_expiry" time="0.001" /><testcase classname="tests.test_models.TestModels" name="test_update_user_password_clears_reset_fields" time="0.001" /><testcase classname="tests.test_recommendations.TestRecommendations" name="test_profile_shows_recommendations_section" time="0.001" /><testcase classname="tests.test_recommendations.TestRecommendations" name="test_recommend_api_returns_serialized_recommendations" time="0.001" /><testcase classname="tests.test_recommendations.TestRecommendations" name="test_admin_rebuild_sim_endpoint_responds" time="0.104" /><testcase classname="tests.test_recommendations.TestRecommendations" name="test_profile_loads_recommendation_data_for_logged_in_user" time="0.012" /><testcase classname="tests.test_recommendations.TestRecommendations" name="test_profile_clears_session_when_user_missing" time="0.001" /><testcase classname="tests.test_recommendations.TestRecommendations" name="test_profile_edit_updates_user_details_when_logged_in" time="0.001" /><testcase classname="tests.test_recommendations.TestSimilarBooks" name="test_product_page_has_similar_section" time="0.373" /><testcase classname="tests.test_recommendations.TestSimilarBooks" name="test_product_page_tracks_first_view_for_logged_in_user" time="0.002" /><testcase classname="tests.test_recommendations.TestSimilarBooks" name="test_product_page_does_not_duplicate_existing_view" time="0.002" /><testcase classname="tests.test_recommendations.TestRecommendationUtilities" name="test_build_item_similarity_creates_cache_file" time="0.012" /><testcase classname="tests.test_recommendations.TestRecommendationUtilities" name="test_get_similar_books_returns_empty_for_missing_book" time="0.000" /><testcase classname="tests.test_recommendations.TestRecommendationUtilities" name="test_get_recommendations_returns_popular_books_for_cold_start" time="0.003" /><testcase classname="tests.test_recommendations.TestRecommendationUtilities" name="test_get_recommendations_combines_collaborative_and_content_scores" time="0.003" /><testcase classname="tests.test_recommendations.TestRecommendationUtilities" name="test_get_similar_books_uses_cache_and_content_boosts" time="0.003" /><testcase classname="tests.test_routes.TestPublicRoutes" name="test_index_loads" time="0.034" /><testcase classname="tests.test_routes.TestPublicRoutes" name="test_login_loads" time="0.001" /><testcase classname="tests.test_routes.TestPublicRoutes" name="test_register_loads" time="0.001" /><testcase classname="tests.test_routes.TestPublicRoutes" name="test_product_page_loads" time="0.310" /><testcase classname="tests.test_routes.TestPublicRoutes" name="test_category_page_loads" time="0.011" /><testcase classname="tests.test_routes.TestProtectedRoutes" name="test_profile_redirects_to_login" time="0.001" /><testcase classname="tests.test_routes.TestProtectedRoutes" name="test_history_redirects_to_login" time="0.001" /><testcase classname="tests.test_search.TestSearch" name="test_search_by_text" time="0.004" /><testcase classname="tests.test_search.TestSearch" name="test_search_by_category" time="0.006" /><testcase classname="tests.test_search.TestSearch" name="test_search_combined" time="0.012" /><testcase classname="tests.test_search.TestSearch" name="test_search_result_structure" time="0.003" /></testsuite></testsuites>